2014/02/03 09:57:18 [error] [exception.CHttpException.404] exception 'CHttpException' with message 'Unable to resolve the request "courses".' in Z:\home\Yii\framework\web\CWebApplication.php:286
Stack trace:
#0 Z:\home\Yii\framework\web\CWebApplication.php(141): CWebApplication->runController('courses')
#1 Z:\home\Yii\framework\base\CApplication.php(169): CWebApplication->processRequest()
#2 Z:\home\moocstable\www\index.php(13): CApplication->run()
#3 {main}
REQUEST_URI=/index.php?r=courses
---
2014/02/03 10:02:04 [error] [exception.CException] exception 'CException' with message 'CAssetManager.basePath "Z:\home\moocstable\www\assets" is invalid. Please make sure the directory exists and is writable by the Web server process.' in Z:\home\Yii\framework\web\CAssetManager.php:138
Stack trace:
#0 Z:\home\Yii\framework\web\CAssetManager.php(123): CAssetManager->setBasePath('Z:\home\moocsta...')
#1 Z:\home\Yii\framework\web\CAssetManager.php(217): CAssetManager->getBasePath()
#2 Z:\home\Yii\framework\zii\widgets\CListView.php(209): CAssetManager->publish('Z:\home\Yii\fra...')
#3 Z:\home\Yii\framework\web\CBaseController.php(147): CListView->init()
#4 Z:\home\Yii\framework\web\CBaseController.php(172): CBaseController->createWidget('zii.widgets.CLi...', Array)
#5 Z:\home\moocstable\www\protected\views\course\index.php(17): CBaseController->widget('zii.widgets.CLi...', Array)
#6 Z:\home\Yii\framework\web\CBaseController.php(126): require('Z:\home\moocsta...')
#7 Z:\home\Yii\framework\web\CBaseController.php(95): CBaseController->renderInternal('Z:\home\moocsta...', Array, true)
#8 Z:\home\Yii\framework\web\CController.php(869): CBaseController->renderFile('Z:\home\moocsta...', Array, true)
#9 Z:\home\Yii\framework\web\CController.php(782): CController->renderPartial('index', Array, true)
#10 Z:\home\moocstable\www\protected\controllers\CourseController.php(133): CController->render('index', Array)
#11 Z:\home\Yii\framework\web\actions\CInlineAction.php(49): CourseController->actionIndex()
#12 Z:\home\Yii\framework\web\CController.php(308): CInlineAction->runWithParams(Array)
#13 Z:\home\Yii\framework\web\filters\CFilterChain.php(133): CController->runAction(Object(CInlineAction))
#14 Z:\home\Yii\framework\web\filters\CFilter.php(40): CFilterChain->run()
#15 Z:\home\Yii\framework\web\CController.php(1145): CFilter->filter(Object(CFilterChain))
#16 Z:\home\Yii\framework\web\filters\CInlineFilter.php(58): CController->filterAccessControl(Object(CFilterChain))
#17 Z:\home\Yii\framework\web\filters\CFilterChain.php(130): CInlineFilter->filter(Object(CFilterChain))
#18 Z:\home\Yii\framework\web\CController.php(291): CFilterChain->run()
#19 Z:\home\Yii\framework\web\CController.php(265): CController->runActionWithFilters(Object(CInlineAction), Array)
#20 Z:\home\Yii\framework\web\CWebApplication.php(282): CController->run('index')
#21 Z:\home\Yii\framework\web\CWebApplication.php(141): CWebApplication->runController('course/index')
#22 Z:\home\Yii\framework\base\CApplication.php(169): CWebApplication->processRequest()
#23 Z:\home\moocstable\www\index.php(13): CApplication->run()
#24 {main}
REQUEST_URI=/index.php?r=course/index
HTTP_REFERER=http://moocstable/index.php
---
2014/02/10 14:27:16 [error] [system.db.CDbCommand] Error in preparing SQL: DELETE FROM 'YiiSession' WHERE expire<:expire
in Z:\home\moocstable\www\protected\views\layouts\main.php (35)
in Z:\home\moocstable\www\protected\views\layouts\column1.php (5)
in Z:\home\moocstable\www\protected\controllers\SiteController.php (32)
2014/02/10 14:27:16 [error] [system.db.CDbCommand] Не удалось выполнить CDbCommand::execute(): CDbCommand не удалось подготовить SQL-запрос: SQLSTATE[HY000]: General error: 1 no such table: YiiSession. Выполнявшийся SQL-запрос: DELETE FROM 'YiiSession' WHERE expire<:expire.
in Z:\home\moocstable\www\protected\views\layouts\main.php (35)
in Z:\home\moocstable\www\protected\views\layouts\column1.php (5)
in Z:\home\moocstable\www\protected\controllers\SiteController.php (32)
2014/02/10 14:33:48 [error] [php] include(Rank.php) [<a href='function.include'>function.include</a>]: failed to open stream: No such file or directory (Z:\home\Yii\framework\YiiBase.php:421)
Stack trace:
#0 Z:\home\moocstable\www\protected\views\user\registration.php(41): spl_autoload_call()
#1 Z:\home\Yii\framework\web\CBaseController.php(126): require()
#2 Z:\home\Yii\framework\web\CBaseController.php(95): UserController->renderInternal()
#3 Z:\home\Yii\framework\web\CController.php(869): UserController->renderFile()
#4 Z:\home\Yii\framework\web\CController.php(782): UserController->renderPartial()
#5 Z:\home\moocstable\www\protected\controllers\UserController.php(171): UserController->render()
#6 Z:\home\Yii\framework\web\actions\CInlineAction.php(49): UserController->actionRegistration()
#7 Z:\home\Yii\framework\web\CController.php(308): CInlineAction->runWithParams()
#8 Z:\home\Yii\framework\web\CController.php(286): UserController->runAction()
#9 Z:\home\Yii\framework\web\CController.php(265): UserController->runActionWithFilters()
#10 Z:\home\Yii\framework\web\CWebApplication.php(282): UserController->run()
#11 Z:\home\Yii\framework\web\CWebApplication.php(141): CWebApplication->runController()
#12 Z:\home\Yii\framework\base\CApplication.php(169): CWebApplication->processRequest()
#13 Z:\home\moocstable\www\index.php(13): CWebApplication->run()
REQUEST_URI=/index.php/user/registration
in Z:\home\moocstable\www\protected\views\user\registration.php (41)
in Z:\home\moocstable\www\protected\controllers\UserController.php (171)
in Z:\home\moocstable\www\index.php (13)
2014/02/10 15:02:54 [warning] [application] Не удалось присвоить небезопасный атрибут "passwd2" класса "User".
in Z:\home\moocstable\www\protected\controllers\UserController.php (133)
in Z:\home\moocstable\www\index.php (13)
2014/02/10 15:02:54 [warning] [application] Не удалось присвоить небезопасный атрибут "passwdModerator" класса "User".
in Z:\home\moocstable\www\protected\controllers\UserController.php (133)
in Z:\home\moocstable\www\index.php (13)
2014/02/10 15:04:19 [warning] [application] Не удалось присвоить небезопасный атрибут "passwd2" класса "User".
in Z:\home\moocstable\www\protected\controllers\UserController.php (133)
in Z:\home\moocstable\www\index.php (13)
2014/02/10 15:04:19 [warning] [application] Не удалось присвоить небезопасный атрибут "passwdModerator" класса "User".
in Z:\home\moocstable\www\protected\controllers\UserController.php (133)
in Z:\home\moocstable\www\index.php (13)
2014/02/10 15:04:26 [warning] [application] Не удалось присвоить небезопасный атрибут "passwd2" класса "User".
in Z:\home\moocstable\www\protected\controllers\UserController.php (133)
in Z:\home\moocstable\www\index.php (13)
2014/02/10 15:04:26 [warning] [application] Не удалось присвоить небезопасный атрибут "passwdModerator" класса "User".
in Z:\home\moocstable\www\protected\controllers\UserController.php (133)
in Z:\home\moocstable\www\index.php (13)
2014/02/10 15:04:31 [warning] [application] Не удалось присвоить небезопасный атрибут "passwd2" класса "User".
in Z:\home\moocstable\www\protected\controllers\UserController.php (133)
in Z:\home\moocstable\www\index.php (13)
2014/02/10 15:04:31 [warning] [application] Не удалось присвоить небезопасный атрибут "passwdModerator" класса "User".
in Z:\home\moocstable\www\protected\controllers\UserController.php (133)
in Z:\home\moocstable\www\index.php (13)
2014/02/10 16:46:10 [warning] [application] Не удалось присвоить небезопасный атрибут "passwd2" класса "User".
in Z:\home\moocstable\www\protected\controllers\UserController.php (133)
in Z:\home\moocstable\www\index.php (13)
2014/02/10 16:46:10 [warning] [application] Не удалось присвоить небезопасный атрибут "passwdModerator" класса "User".
in Z:\home\moocstable\www\protected\controllers\UserController.php (133)
in Z:\home\moocstable\www\index.php (13)
2014/02/10 16:46:17 [warning] [application] Не удалось присвоить небезопасный атрибут "passwd2" класса "User".
in Z:\home\moocstable\www\protected\controllers\UserController.php (133)
in Z:\home\moocstable\www\index.php (13)
2014/02/10 16:46:17 [warning] [application] Не удалось присвоить небезопасный атрибут "passwdModerator" класса "User".
in Z:\home\moocstable\www\protected\controllers\UserController.php (133)
in Z:\home\moocstable\www\index.php (13)
2014/02/10 16:46:33 [warning] [application] Не удалось присвоить небезопасный атрибут "passwd2" класса "User".
in Z:\home\moocstable\www\protected\controllers\UserController.php (133)
in Z:\home\moocstable\www\index.php (13)
2014/02/10 16:46:33 [warning] [application] Не удалось присвоить небезопасный атрибут "passwdModerator" класса "User".
in Z:\home\moocstable\www\protected\controllers\UserController.php (133)
in Z:\home\moocstable\www\index.php (13)
